生成启动时间为 2016/11/23 11:11:17。
     1>项目“D:\VS_Program\DP_serializate\DP_serializate\DP_serializate.vcxproj”在节点 2 上(build 个目标)。
     1>InitializeBuildStatus:
         正在对“Debug\DP_serializate.unsuccessfulbuild”执行 Touch 任务。
       ClCompile:
         所有输出均为最新。
         所有输出均为最新。
       ManifestResourceCompile:
         所有输出均为最新。
       Link:
         d:\Microsoft Visual Studio 10.0\VC\bin\link.exe /ERRORREPORT:PROMPT /OUT:"D:\VS_Program\DP_serializate\Debug\DP_serializate.exe" /INCREMENTAL /NOLOGO kernel32.lib user32.lib gdi32.lib winspool.lib comdlg32.lib advapi32.lib shell32.lib ole32.lib oleaut32.lib uuid.lib odbc32.lib odbccp32.lib proj.lib kernel32.lib user32.lib gdi32.lib winspool.lib comdlg32.lib advapi32.lib shell32.lib ole32.lib oleaut32.lib uuid.lib odbc32.lib odbccp32.lib /MANIFEST /ManifestFile:"Debug\DP_serializate.exe.intermediate.manifest" /MANIFESTUAC:"level='asInvoker' uiAccess='false'" /DEBUG /PDB:"D:\VS_Program\DP_serializate\Debug\DP_serializate.pdb" /SUBSYSTEM:CONSOLE /TLBID:1 /DYNAMICBASE /NXCOMPAT /IMPLIB:"D:\VS_Program\DP_serializate\Debug\DP_serializate.lib" /MACHINE:X86 Debug\DP_serializate.exe.embed.manifest.res
         Debug\DP_serializate.obj
         Debug\stdafx.obj
         Debug\traj.obj
     1>LINK : warning LNK4098: 默认库“MSVCRT”与其他库的使用冲突；请使用 /NODEFAULTLIB:library
       Manifest:
         C:\Program Files (x86)\Microsoft SDKs\Windows\v7.0A\bin\mt.exe /nologo /verbose /out:"Debug\DP_serializate.exe.embed.manifest" /manifest Debug\DP_serializate.exe.intermediate.manifest
         C:\Program Files (x86)\Microsoft SDKs\Windows\v7.0A\bin\rc.exe /nologo /fo"Debug\DP_serializate.exe.embed.manifest.res" Debug\DP_serializate_manifest.rc 
       LinkEmbedManifest:
         d:\Microsoft Visual Studio 10.0\VC\bin\link.exe /ERRORREPORT:PROMPT /OUT:"D:\VS_Program\DP_serializate\Debug\DP_serializate.exe" /INCREMENTAL /NOLOGO kernel32.lib user32.lib gdi32.lib winspool.lib comdlg32.lib advapi32.lib shell32.lib ole32.lib oleaut32.lib uuid.lib odbc32.lib odbccp32.lib proj.lib kernel32.lib user32.lib gdi32.lib winspool.lib comdlg32.lib advapi32.lib shell32.lib ole32.lib oleaut32.lib uuid.lib odbc32.lib odbccp32.lib /MANIFEST /ManifestFile:"Debug\DP_serializate.exe.intermediate.manifest" /MANIFESTUAC:"level='asInvoker' uiAccess='false'" /DEBUG /PDB:"D:\VS_Program\DP_serializate\Debug\DP_serializate.pdb" /SUBSYSTEM:CONSOLE /TLBID:1 /DYNAMICBASE /NXCOMPAT /IMPLIB:"D:\VS_Program\DP_serializate\Debug\DP_serializate.lib" /MACHINE:X86 Debug\DP_serializate.exe.embed.manifest.res
         Debug\DP_serializate.obj
         Debug\stdafx.obj
         Debug\traj.obj
     1>LINK : warning LNK4098: 默认库“MSVCRT”与其他库的使用冲突；请使用 /NODEFAULTLIB:library
         DP_serializate.vcxproj -> D:\VS_Program\DP_serializate\Debug\DP_serializate.exe
       FinalizeBuildStatus:
         正在删除文件“Debug\DP_serializate.unsuccessfulbuild”。
         正在对“Debug\DP_serializate.lastbuildstate”执行 Touch 任务。
     1>已完成生成项目“D:\VS_Program\DP_serializate\DP_serializate\DP_serializate.vcxproj”(build 个目标)的操作。

生成成功。

已用时间 00:00:01.44
